<?xml version="1.0" encoding="UTF-8"?>
<coverage generated="1733715323913" clover="3.2.0">
  <project timestamp="1733715323913" name="All files">
    <metrics statements="21" coveredstatements="20" conditionals="4" coveredconditionals="3" methods="1" coveredmethods="1" elements="26" coveredelements="24" complexity="0" loc="21" ncloc="21" packages="1" files="1" classes="1"/>
    <file name="findDistance.ts" path="C:\CodeProjects\Advent-of-code-2024\src\day1\findDistance.ts">
      <metrics statements="21" coveredstatements="20" conditionals="4" coveredconditionals="3" methods="1" coveredmethods="1"/>
      <line num="1" count="1" type="cond" truecount="1" falsecount="0"/>
      <line num="2" count="3" type="stmt"/>
      <line num="3" count="3" type="stmt"/>
      <line num="4" count="3" type="stmt"/>
      <line num="5" count="3" type="cond" truecount="1" falsecount="0"/>
      <line num="6" count="9" type="stmt"/>
      <line num="7" count="9" type="stmt"/>
      <line num="8" count="9" type="stmt"/>
      <line num="9" count="9" type="cond" truecount="0" falsecount="1"/>
      <line num="10" count="0" type="stmt"/>
      <line num="11" count="9" type="stmt"/>
      <line num="12" count="9" type="stmt"/>
      <line num="13" count="9" type="stmt"/>
      <line num="14" count="9" type="stmt"/>
      <line num="15" count="9" type="stmt"/>
      <line num="16" count="3" type="stmt"/>
      <line num="17" count="3" type="cond" truecount="1" falsecount="0"/>
      <line num="18" count="9" type="stmt"/>
      <line num="19" count="3" type="stmt"/>
      <line num="20" count="3" type="stmt"/>
      <line num="21" count="3" type="stmt"/>
    </file>
  </project>
</coverage>
