{"C:\\CodeProjects\\Advent-of-code-2024\\src\\day1\\findDistance.ts": {"path":"C:\\CodeProjects\\Advent-of-code-2024\\src\\day1\\findDistance.ts","all":false,"statementMap":{"0":{"start":{"line":1,"column":0},"end":{"line":1,"column":79}},"1":{"start":{"line":2,"column":0},"end":{"line":2,"column":35}},"2":{"start":{"line":3,"column":0},"end":{"line":3,"column":35}},"3":{"start":{"line":4,"column":0},"end":{"line":4,"column":31}},"4":{"start":{"line":5,"column":0},"end":{"line":5,"column":42}},"5":{"start":{"line":6,"column":0},"end":{"line":6,"column":32}},"6":{"start":{"line":7,"column":0},"end":{"line":7,"column":32}},"7":{"start":{"line":8,"column":0},"end":{"line":8,"column":21}},"8":{"start":{"line":9,"column":0},"end":{"line":9,"column":22}},"9":{"start":{"line":10,"column":0},"end":{"line":10,"column":25}},"10":{"start":{"line":11,"column":0},"end":{"line":11,"column":12}},"11":{"start":{"line":12,"column":0},"end":{"line":12,"column":25}},"12":{"start":{"line":13,"column":0},"end":{"line":13,"column":5}},"13":{"start":{"line":14,"column":0},"end":{"line":14,"column":25}},"14":{"start":{"line":15,"column":0},"end":{"line":15,"column":3}},"15":{"start":{"line":16,"column":0},"end":{"line":16,"column":22}},"16":{"start":{"line":17,"column":0},"end":{"line":17,"column":43}},"17":{"start":{"line":18,"column":0},"end":{"line":18,"column":20}},"18":{"start":{"line":19,"column":0},"end":{"line":19,"column":5}},"19":{"start":{"line":20,"column":0},"end":{"line":20,"column":13}},"20":{"start":{"line":21,"column":0},"end":{"line":21,"column":2}}},"s":{"0":1,"1":3,"2":3,"3":3,"4":3,"5":9,"6":9,"7":9,"8":9,"9":0,"10":9,"11":9,"12":9,"13":9,"14":9,"15":3,"16":3,"17":9,"18":3,"19":3,"20":3},"branchMap":{"0":{"type":"branch","line":1,"loc":{"start":{"line":1,"column":40},"end":{"line":21,"column":2}},"locations":[{"start":{"line":1,"column":40},"end":{"line":21,"column":2}}]},"1":{"type":"branch","line":5,"loc":{"start":{"line":5,"column":41},"end":{"line":15,"column":3}},"locations":[{"start":{"line":5,"column":41},"end":{"line":15,"column":3}}]},"2":{"type":"branch","line":9,"loc":{"start":{"line":9,"column":21},"end":{"line":11,"column":5}},"locations":[{"start":{"line":9,"column":21},"end":{"line":11,"column":5}}]},"3":{"type":"branch","line":17,"loc":{"start":{"line":17,"column":20},"end":{"line":19,"column":3}},"locations":[{"start":{"line":17,"column":20},"end":{"line":19,"column":3}}]}},"b":{"0":[3],"1":[9],"2":[0],"3":[9]},"fnMap":{"0":{"name":"findDistanceBetweenLists","decl":{"start":{"line":1,"column":40},"end":{"line":21,"column":2}},"loc":{"start":{"line":1,"column":40},"end":{"line":21,"column":2}},"line":1}},"f":{"0":3}}
}
