{"C:\\CodeProjects\\Advent-of-code-2024\\src\\day1\\findDistance.ts": {"path":"C:\\CodeProjects\\Advent-of-code-2024\\src\\day1\\findDistance.ts","all":false,"statementMap":{"0":{"start":{"line":1,"column":0},"end":{"line":1,"column":79}},"1":{"start":{"line":2,"column":0},"end":{"line":2,"column":35}},"2":{"start":{"line":3,"column":0},"end":{"line":3,"column":35}},"3":{"start":{"line":4,"column":0},"end":{"line":4,"column":31}},"4":{"start":{"line":5,"column":0},"end":{"line":5,"column":42}},"5":{"start":{"line":6,"column":0},"end":{"line":6,"column":32}},"6":{"start":{"line":7,"column":0},"end":{"line":7,"column":32}},"7":{"start":{"line":8,"column":0},"end":{"line":8,"column":21}},"8":{"start":{"line":9,"column":0},"end":{"line":9,"column":22}},"9":{"start":{"line":10,"column":0},"end":{"line":10,"column":25}},"10":{"start":{"line":11,"column":0},"end":{"line":11,"column":12}},"11":{"start":{"line":12,"column":0},"end":{"line":12,"column":25}},"12":{"start":{"line":13,"column":0},"end":{"line":13,"column":5}},"13":{"start":{"line":14,"column":0},"end":{"line":14,"column":25}},"14":{"start":{"line":15,"column":0},"end":{"line":15,"column":3}},"15":{"start":{"line":16,"column":0},"end":{"line":16,"column":22}},"16":{"start":{"line":17,"column":0},"end":{"line":17,"column":43}},"17":{"start":{"line":18,"column":0},"end":{"line":18,"column":20}},"18":{"start":{"line":19,"column":0},"end":{"line":19,"column":5}},"19":{"start":{"line":20,"column":0},"end":{"line":20,"column":13}},"20":{"start":{"line":21,"column":0},"end":{"line":21,"column":2}}},"s":{"0":1,"1":3,"2":3,"3":3,"4":3,"5":9,"6":9,"7":9,"8":9,"9":0,"10":9,"11":9,"12":9,"13":9,"14":9,"15":3,"16":3,"17":9,"18":3,"19":3,"20":3},"branchMap":{"0":{"type":"branch","line":1,"loc":{"start":{"line":1,"column":40},"end":{"line":21,"column":2}},"locations":[{"start":{"line":1,"column":40},"end":{"line":21,"column":2}}]},"1":{"type":"branch","line":5,"loc":{"start":{"line":5,"column":41},"end":{"line":15,"column":3}},"locations":[{"start":{"line":5,"column":41},"end":{"line":15,"column":3}}]},"2":{"type":"branch","line":9,"loc":{"start":{"line":9,"column":21},"end":{"line":11,"column":5}},"locations":[{"start":{"line":9,"column":21},"end":{"line":11,"column":5}}]},"3":{"type":"branch","line":17,"loc":{"start":{"line":17,"column":20},"end":{"line":19,"column":3}},"locations":[{"start":{"line":17,"column":20},"end":{"line":19,"column":3}}]}},"b":{"0":[3],"1":[9],"2":[0],"3":[9]},"fnMap":{"0":{"name":"findDistanceBetweenLists","decl":{"start":{"line":1,"column":40},"end":{"line":21,"column":2}},"loc":{"start":{"line":1,"column":40},"end":{"line":21,"column":2}},"line":1}},"f":{"0":3}}
,"C:\\CodeProjects\\Advent-of-code-2024\\src\\day1\\findSimilarityScore.ts": {"path":"C:\\CodeProjects\\Advent-of-code-2024\\src\\day1\\findSimilarityScore.ts","all":false,"statementMap":{"0":{"start":{"line":1,"column":0},"end":{"line":1,"column":74}},"1":{"start":{"line":2,"column":0},"end":{"line":2,"column":33}},"2":{"start":{"line":3,"column":0},"end":{"line":3,"column":24}},"3":{"start":{"line":4,"column":0},"end":{"line":4,"column":42}},"4":{"start":{"line":5,"column":0},"end":{"line":5,"column":26}},"5":{"start":{"line":6,"column":0},"end":{"line":6,"column":18}},"6":{"start":{"line":7,"column":0},"end":{"line":7,"column":44}},"7":{"start":{"line":8,"column":0},"end":{"line":8,"column":30}},"8":{"start":{"line":9,"column":0},"end":{"line":9,"column":16}},"9":{"start":{"line":10,"column":0},"end":{"line":10,"column":7}},"10":{"start":{"line":11,"column":0},"end":{"line":11,"column":5}},"11":{"start":{"line":12,"column":0},"end":{"line":12,"column":35}},"12":{"start":{"line":13,"column":0},"end":{"line":13,"column":3}},"13":{"start":{"line":14,"column":0},"end":{"line":14,"column":48}},"14":{"start":{"line":15,"column":0},"end":{"line":15,"column":28}},"15":{"start":{"line":16,"column":0},"end":{"line":16,"column":3}},"16":{"start":{"line":17,"column":0},"end":{"line":17,"column":0}},"17":{"start":{"line":18,"column":0},"end":{"line":18,"column":15}},"18":{"start":{"line":19,"column":0},"end":{"line":19,"column":2}}},"s":{"0":1,"1":3,"2":3,"3":3,"4":9,"5":9,"6":9,"7":27,"8":6,"9":6,"10":27,"11":9,"12":9,"13":3,"14":9,"15":9,"16":3,"17":3,"18":3},"branchMap":{"0":{"type":"branch","line":1,"loc":{"start":{"line":1,"column":35},"end":{"line":19,"column":2}},"locations":[{"start":{"line":1,"column":35},"end":{"line":19,"column":2}}]},"1":{"type":"branch","line":4,"loc":{"start":{"line":4,"column":41},"end":{"line":13,"column":3}},"locations":[{"start":{"line":4,"column":41},"end":{"line":13,"column":3}}]},"2":{"type":"branch","line":7,"loc":{"start":{"line":7,"column":43},"end":{"line":11,"column":5}},"locations":[{"start":{"line":7,"column":43},"end":{"line":11,"column":5}}]},"3":{"type":"branch","line":8,"loc":{"start":{"line":8,"column":29},"end":{"line":10,"column":7}},"locations":[{"start":{"line":8,"column":29},"end":{"line":10,"column":7}}]},"4":{"type":"branch","line":14,"loc":{"start":{"line":14,"column":47},"end":{"line":16,"column":3}},"locations":[{"start":{"line":14,"column":47},"end":{"line":16,"column":3}}]}},"b":{"0":[3],"1":[9],"2":[27],"3":[6],"4":[9]},"fnMap":{"0":{"name":"findSimilarityScore","decl":{"start":{"line":1,"column":35},"end":{"line":19,"column":2}},"loc":{"start":{"line":1,"column":35},"end":{"line":19,"column":2}},"line":1}},"f":{"0":3}}
}
