TN:
SF:src\day1\findDistance.ts
FN:1,findDistanceBetweenLists
FNF:1
FNH:1
FNDA:3,findDistanceBetweenLists
DA:1,1
DA:2,3
DA:3,3
DA:4,3
DA:5,3
DA:6,9
DA:7,9
DA:8,9
DA:9,9
DA:10,0
DA:11,9
DA:12,9
DA:13,9
DA:14,9
DA:15,9
DA:16,3
DA:17,3
DA:18,9
DA:19,3
DA:20,3
DA:21,3
LF:21
LH:20
BRDA:1,0,0,3
BRDA:5,1,0,9
BRDA:9,2,0,0
BRDA:17,3,0,9
BRF:4
BRH:3
end_of_record
TN:
SF:src\day1\findSimilarityScore.ts
FN:1,findSimilarityScore
FNF:1
FNH:1
FNDA:3,findSimilarityScore
DA:1,1
DA:2,3
DA:3,3
DA:4,3
DA:5,9
DA:6,9
DA:7,9
DA:8,27
DA:9,6
DA:10,6
DA:11,27
DA:12,9
DA:13,9
DA:14,3
DA:15,9
DA:16,9
DA:17,3
DA:18,3
DA:19,3
LF:19
LH:19
BRDA:1,0,0,3
BRDA:4,1,0,9
BRDA:7,2,0,27
BRDA:8,3,0,6
BRDA:14,4,0,9
BRF:5
BRH:5
end_of_record
